Android/ORSS4SCVI/gradleBuild/outputs/logs/manifest-merger-debug-report.txt
-- Merging decision tree log ---
manifest
ADDED from Android\ORSS4SCVI\AndroidManifest.xml:16:1-56:12
INJECTED from Android\ORSS4SCVI\AndroidManifest.xml:16:1-56:12
INJECTED from Android\ORSS4SCVI\AndroidManifest.xml:16:1-56:12
INJECTED from Android\ORSS4SCVI\AndroidManifest.xml:16:1-56:12
MERGED from [org.tensorflow:tensorflow-android:1.6.0-rc1] AndroidManifest.xml:2:1-8:12
MERGED from [com.android.support:design:26.1.0] AndroidManifest.xml:17:1-31:12
MERGED from [com.android.support:appcompat-v7:26.1.0] AndroidManifest.xml:17:1-31:12
MERGED from [com.android.support.constraint:constraint-layout:1.0.2] AndroidManifest.xml:2:1-11:12
MERGED from [com.android.support:transition:26.1.0] AndroidManifest.xml:17:1-28:12
MERGED from [com.android.support:support-v4:26.1.0] AndroidManifest.xml:17:1-31:12
MERGED from [com.android.support:animated-vector-drawable:26.1.0] AndroidManifest.xml:17:1-28:12
MERGED from [com.android.support:support-vector-drawable:26.1.0] AndroidManifest.xml:17:1-28:12
MERGED from [:DroidSpeech] AndroidManifest.xml:2:1-14:12
MERGED from [:pocketsphinx-android-5prealpha-release] AndroidManifest.xml:2:1-11:12
MERGED from [com.android.support:recyclerview-v7:26.1.0] AndroidManifest.xml:17:1-28:12
MERGED from [com.android.support:support-media-compat:26.1.0] AndroidManifest.xml:17:1-31:12
MERGED from [com.android.support:support-fragment:26.1.0] AndroidManifest.xml:17:1-31:12
MERGED from [com.android.support:support-core-utils:26.1.0] AndroidManifest.xml:17:1-31:12
MERGED from [com.android.support:support-core-ui:26.1.0] AndroidManifest.xml:17:1-31:12
MERGED from [com.android.support:support-compat:26.1.0] AndroidManifest.xml:17:1-31:12
MERGED from [android.arch.lifecycle:runtime:1.0.0] AndroidManifest.xml:17:1-30:12
INJECTED from Android\ORSS4SCVI\AndroidManifest.xml:16:1-56:12
INJECTED from Android\ORSS4SCVI\AndroidManifest.xml:16:1-56:12
INJECTED from Android\ORSS4SCVI\AndroidManifest.xml:16:1-56:12
	package
		ADDED from Android\ORSS4SCVI\AndroidManifest.xml:17:5-34
		INJECTED from Android\ORSS4SCVI\AndroidManifest.xml
		INJECTED from Android\ORSS4SCVI\AndroidManifest.xml
	android:versionName
		INJECTED from Android\ORSS4SCVI\AndroidManifest.xml
		ADDED from Android\ORSS4SCVI\AndroidManifest.xml:16:1-56:12
		INJECTED from Android\ORSS4SCVI\AndroidManifest.xml
	android:versionCode
		INJECTED from Android\ORSS4SCVI\AndroidManifest.xml
		ADDED from Android\ORSS4SCVI\AndroidManifest.xml:16:1-56:12
		INJECTED from Android\ORSS4SCVI\AndroidManifest.xml
	xmlns:android
		ADDED from Android\ORSS4SCVI\AndroidManifest.xml:16:11-69
uses-permission#android.permission.CAMERA
ADDED from Android\ORSS4SCVI\AndroidManifest.xml:19:5-65
	android:name
		ADDED from Android\ORSS4SCVI\AndroidManifest.xml:19:22-62
uses-permission#android.permission.INTERNET
ADDED from Android\ORSS4SCVI\AndroidManifest.xml:20:5-67
	android:name
		ADDED from Android\ORSS4SCVI\AndroidManifest.xml:20:22-64
uses-permission#android.permission.RECORD_AUDIO
ADDED from Android\ORSS4SCVI\AndroidManifest.xml:21:5-71
MERGED from [:DroidSpeech] AndroidManifest.xml:9:5-71
MERGED from [:DroidSpeech] AndroidManifest.xml:9:5-71
	android:name
		ADDED from Android\ORSS4SCVI\AndroidManifest.xml:21:22-68
uses-permission#android.permission.READ_PHONE_STATE
ADDED from Android\ORSS4SCVI\AndroidManifest.xml:22:5-75
	android:name
		ADDED from Android\ORSS4SCVI\AndroidManifest.xml:22:22-72
uses-permission#android.permission.READ_EXTERNAL_STORAGE
ADDED from Android\ORSS4SCVI\AndroidManifest.xml:23:5-80
	android:name
		ADDED from Android\ORSS4SCVI\AndroidManifest.xml:23:22-77
uses-permission#android.permission.WRITE_EXTERNAL_STORAGE
ADDED from Android\ORSS4SCVI\AndroidManifest.xml:24:5-81
	android:name
		ADDED from Android\ORSS4SCVI\AndroidManifest.xml:24:22-78
uses-feature#android.hardware.camera
ADDED from Android\ORSS4SCVI\AndroidManifest.xml:26:5-60
	android:name
		ADDED from Android\ORSS4SCVI\AndroidManifest.xml:26:19-57
uses-feature#android.hardware.camera.autofocus
ADDED from Android\ORSS4SCVI\AndroidManifest.xml:27:5-70
	android:name
		ADDED from Android\ORSS4SCVI\AndroidManifest.xml:27:19-67
application
ADDED from Android\ORSS4SCVI\AndroidManifest.xml:29:5-54:19
MERGED from [org.tensorflow:tensorflow-android:1.6.0-rc1] AndroidManifest.xml:5:5-6:19
MERGED from [org.tensorflow:tensorflow-android:1.6.0-rc1] AndroidManifest.xml:5:5-6:19
MERGED from [com.android.support:design:26.1.0] AndroidManifest.xml:25:5-29:19
MERGED from [com.android.support:design:26.1.0] AndroidManifest.xml:25:5-29:19
MERGED from [com.android.support:appcompat-v7:26.1.0] AndroidManifest.xml:25:5-29:19
MERGED from [com.android.support:appcompat-v7:26.1.0] AndroidManifest.xml:25:5-29:19
MERGED from [com.android.support.constraint:constraint-layout:1.0.2] AndroidManifest.xml:9:5-20
MERGED from [com.android.support.constraint:constraint-layout:1.0.2] AndroidManifest.xml:9:5-20
MERGED from [com.android.support:transition:26.1.0] AndroidManifest.xml:22:5-26:19
MERGED from [com.android.support:transition:26.1.0] AndroidManifest.xml:22:5-26:19
MERGED from [com.android.support:support-v4:26.1.0] AndroidManifest.xml:25:5-29:19
MERGED from [com.android.support:support-v4:26.1.0] AndroidManifest.xml:25:5-29:19
MERGED from [com.android.support:animated-vector-drawable:26.1.0] AndroidManifest.xml:22:5-26:19
MERGED from [com.android.support:animated-vector-drawable:26.1.0] AndroidManifest.xml:22:5-26:19
MERGED from [com.android.support:support-vector-drawable:26.1.0] AndroidManifest.xml:22:5-26:19
MERGED from [com.android.support:support-vector-drawable:26.1.0] AndroidManifest.xml:22:5-26:19
MERGED from [:DroidSpeech] AndroidManifest.xml:12:5-53
MERGED from [:DroidSpeech] AndroidManifest.xml:12:5-53
MERGED from [com.android.support:recyclerview-v7:26.1.0] AndroidManifest.xml:22:5-26:19
MERGED from [com.android.support:recyclerview-v7:26.1.0] AndroidManifest.xml:22:5-26:19
MERGED from [com.android.support:support-media-compat:26.1.0] AndroidManifest.xml:25:5-29:19
MERGED from [com.android.support:support-media-compat:26.1.0] AndroidManifest.xml:25:5-29:19
MERGED from [com.android.support:support-fragment:26.1.0] AndroidManifest.xml:25:5-29:19
MERGED from [com.android.support:support-fragment:26.1.0] AndroidManifest.xml:25:5-29:19
MERGED from [com.android.support:support-core-utils:26.1.0] AndroidManifest.xml:25:5-29:19
MERGED from [com.android.support:support-core-utils:26.1.0] AndroidManifest.xml:25:5-29:19
MERGED from [com.android.support:support-core-ui:26.1.0] AndroidManifest.xml:25:5-29:19
MERGED from [com.android.support:support-core-ui:26.1.0] AndroidManifest.xml:25:5-29:19
MERGED from [com.android.support:support-compat:26.1.0] AndroidManifest.xml:25:5-29:19
MERGED from [com.android.support:support-compat:26.1.0] AndroidManifest.xml:25:5-29:19
MERGED from [android.arch.lifecycle:runtime:1.0.0] AndroidManifest.xml:24:5-28:19
MERGED from [android.arch.lifecycle:runtime:1.0.0] AndroidManifest.xml:24:5-28:19
	android:supportsRtl
		ADDED from Android\ORSS4SCVI\AndroidManifest.xml:33:9-35
	android:label
		ADDED from Android\ORSS4SCVI\AndroidManifest.xml:32:9-41
	android:icon
		ADDED from Android\ORSS4SCVI\AndroidManifest.xml:31:9-45
	android:allowBackup
		ADDED from Android\ORSS4SCVI\AndroidManifest.xml:30:9-35
	android:theme
		ADDED from Android\ORSS4SCVI\AndroidManifest.xml:34:9-67
activity#org.tensorflow.demo.DetectorActivity
ADDED from Android\ORSS4SCVI\AndroidManifest.xml:35:9-43:20
	android:screenOrientation
		ADDED from Android\ORSS4SCVI\AndroidManifest.xml:38:13-49
	android:label
		ADDED from Android\ORSS4SCVI\AndroidManifest.xml:37:13-56
	android:name
		ADDED from Android\ORSS4SCVI\AndroidManifest.xml:36:13-45
intent-filter#android.intent.action.MAIN+android.intent.category.LAUNCHER
ADDED from Android\ORSS4SCVI\AndroidManifest.xml:39:13-42:29
action#android.intent.action.MAIN
ADDED from Android\ORSS4SCVI\AndroidManifest.xml:40:17-69
	android:name
		ADDED from Android\ORSS4SCVI\AndroidManifest.xml:40:25-66
category#android.intent.category.LAUNCHER
ADDED from Android\ORSS4SCVI\AndroidManifest.xml:41:17-77
	android:name
		ADDED from Android\ORSS4SCVI\AndroidManifest.xml:41:27-74
activity#org.tensorflow.demo.SettingsActivity
ADDED from Android\ORSS4SCVI\AndroidManifest.xml:44:9-51:20
	android:parentActivityName
		ADDED from Android\ORSS4SCVI\AndroidManifest.xml:47:13-59
	android:label
		ADDED from Android\ORSS4SCVI\AndroidManifest.xml:46:13-56
	android:name
		ADDED from Android\ORSS4SCVI\AndroidManifest.xml:45:13-45
meta-data#android.support.PARENT_ACTIVITY
ADDED from Android\ORSS4SCVI\AndroidManifest.xml:48:13-50:72
	android:value
		ADDED from Android\ORSS4SCVI\AndroidManifest.xml:50:17-69
	android:name
		ADDED from Android\ORSS4SCVI\AndroidManifest.xml:49:17-63
service#org.tensorflow.demo.ttsService
ADDED from Android\ORSS4SCVI\AndroidManifest.xml:53:9-47
	android:name
		ADDED from Android\ORSS4SCVI\AndroidManifest.xml:53:18-44
uses-sdk
INJECTED from Android\ORSS4SCVI\AndroidManifest.xml reason: use-sdk injection requested
INJECTED from Android\ORSS4SCVI\AndroidManifest.xml
INJECTED from Android\ORSS4SCVI\AndroidManifest.xml
MERGED from [com.android.support:design:26.1.0] AndroidManifest.xml:21:5-23:62
MERGED from [com.android.support:design:26.1.0] AndroidManifest.xml:21:5-23:62
MERGED from [com.android.support:appcompat-v7:26.1.0] AndroidManifest.xml:21:5-23:78
MERGED from [com.android.support:appcompat-v7:26.1.0] AndroidManifest.xml:21:5-23:78
MERGED from [com.android.support.constraint:constraint-layout:1.0.2] AndroidManifest.xml:5:5-7:41
MERGED from [com.android.support.constraint:constraint-layout:1.0.2] AndroidManifest.xml:5:5-7:41
MERGED from [com.android.support:transition:26.1.0] AndroidManifest.xml:20:5-44
MERGED from [com.android.support:transition:26.1.0] AndroidManifest.xml:20:5-44
MERGED from [com.android.support:support-v4:26.1.0] AndroidManifest.xml:21:5-23:54
MERGED from [com.android.support:support-v4:26.1.0] AndroidManifest.xml:21:5-23:54
MERGED from [com.android.support:animated-vector-drawable:26.1.0] AndroidManifest.xml:20:5-44
MERGED from [com.android.support:animated-vector-drawable:26.1.0] AndroidManifest.xml:20:5-44
MERGED from [com.android.support:support-vector-drawable:26.1.0] AndroidManifest.xml:20:5-44
MERGED from [com.android.support:support-vector-drawable:26.1.0] AndroidManifest.xml:20:5-44
MERGED from [:DroidSpeech] AndroidManifest.xml:5:5-7:41
MERGED from [:DroidSpeech] AndroidManifest.xml:5:5-7:41
MERGED from [:pocketsphinx-android-5prealpha-release] AndroidManifest.xml:7:5-9:41
MERGED from [:pocketsphinx-android-5prealpha-release] AndroidManifest.xml:7:5-9:41
MERGED from [com.android.support:recyclerview-v7:26.1.0] AndroidManifest.xml:20:5-44
MERGED from [com.android.support:recyclerview-v7:26.1.0] AndroidManifest.xml:20:5-44
MERGED from [com.android.support:support-media-compat:26.1.0] AndroidManifest.xml:21:5-23:63
MERGED from [com.android.support:support-media-compat:26.1.0] AndroidManifest.xml:21:5-23:63
MERGED from [com.android.support:support-fragment:26.1.0] AndroidManifest.xml:21:5-23:60
MERGED from [com.android.support:support-fragment:26.1.0] AndroidManifest.xml:21:5-23:60
MERGED from [com.android.support:support-core-utils:26.1.0] AndroidManifest.xml:21:5-23:61
MERGED from [com.android.support:support-core-utils:26.1.0] AndroidManifest.xml:21:5-23:61
MERGED from [com.android.support:support-core-ui:26.1.0] AndroidManifest.xml:21:5-23:58
MERGED from [com.android.support:support-core-ui:26.1.0] AndroidManifest.xml:21:5-23:58
MERGED from [com.android.support:support-compat:26.1.0] AndroidManifest.xml:21:5-23:58
MERGED from [com.android.support:support-compat:26.1.0] AndroidManifest.xml:21:5-23:58
MERGED from [android.arch.lifecycle:runtime:1.0.0] AndroidManifest.xml:20:5-22:41
MERGED from [android.arch.lifecycle:runtime:1.0.0] AndroidManifest.xml:20:5-22:41
INJECTED from Android\ORSS4SCVI\AndroidManifest.xml
INJECTED from Android\ORSS4SCVI\AndroidManifest.xml
	tools:overrideLibrary
		ADDED from [com.android.support:design:26.1.0] AndroidManifest.xml:23:9-59
	android:targetSdkVersion
		INJECTED from Android\ORSS4SCVI\AndroidManifest.xml
		ADDED from Android\ORSS4SCVI\AndroidManifest.xml
		INJECTED from Android\ORSS4SCVI\AndroidManifest.xml
	android:minSdkVersion
		INJECTED from Android\ORSS4SCVI\AndroidManifest.xml
		ADDED from Android\ORSS4SCVI\AndroidManifest.xml
		INJECTED from Android\ORSS4SCVI\AndroidManifest.xml
meta-data#android.support.VERSION
ADDED from [com.android.support:design:26.1.0] AndroidManifest.xml:26:9-28:38
MERGED from [com.android.support:appcompat-v7:26.1.0] AndroidManifest.xml:26:9-28:38
MERGED from [com.android.support:appcompat-v7:26.1.0] AndroidManifest.xml:26:9-28:38
MERGED from [com.android.support:transition:26.1.0] AndroidManifest.xml:23:9-25:38
MERGED from [com.android.support:transition:26.1.0] AndroidManifest.xml:23:9-25:38
MERGED from [com.android.support:support-v4:26.1.0] AndroidManifest.xml:26:9-28:38
MERGED from [com.android.support:support-v4:26.1.0] AndroidManifest.xml:26:9-28:38
MERGED from [com.android.support:animated-vector-drawable:26.1.0] AndroidManifest.xml:23:9-25:38
MERGED from [com.android.support:animated-vector-drawable:26.1.0] AndroidManifest.xml:23:9-25:38
MERGED from [com.android.support:support-vector-drawable:26.1.0] AndroidManifest.xml:23:9-25:38
MERGED from [com.android.support:support-vector-drawable:26.1.0] AndroidManifest.xml:23:9-25:38
MERGED from [com.android.support:recyclerview-v7:26.1.0] AndroidManifest.xml:23:9-25:38
MERGED from [com.android.support:recyclerview-v7:26.1.0] AndroidManifest.xml:23:9-25:38
MERGED from [com.android.support:support-media-compat:26.1.0] AndroidManifest.xml:26:9-28:38
MERGED from [com.android.support:support-media-compat:26.1.0] AndroidManifest.xml:26:9-28:38
MERGED from [com.android.support:support-fragment:26.1.0] AndroidManifest.xml:26:9-28:38
MERGED from [com.android.support:support-fragment:26.1.0] AndroidManifest.xml:26:9-28:38
MERGED from [com.android.support:support-core-utils:26.1.0] AndroidManifest.xml:26:9-28:38
MERGED from [com.android.support:support-core-utils:26.1.0] AndroidManifest.xml:26:9-28:38
MERGED from [com.android.support:support-core-ui:26.1.0] AndroidManifest.xml:26:9-28:38
MERGED from [com.android.support:support-core-ui:26.1.0] AndroidManifest.xml:26:9-28:38
MERGED from [com.android.support:support-compat:26.1.0] AndroidManifest.xml:26:9-28:38
MERGED from [com.android.support:support-compat:26.1.0] AndroidManifest.xml:26:9-28:38
	android:value
		ADDED from [com.android.support:design:26.1.0] AndroidManifest.xml:28:13-35
	android:name
		ADDED from [com.android.support:design:26.1.0] AndroidManifest.xml:27:13-51
uses-permission#android.permission.ACCESS_NETWORK_STATE
ADDED from [:DroidSpeech] AndroidManifest.xml:10:5-79
	android:name
		ADDED from [:DroidSpeech] AndroidManifest.xml:10:22-76
meta-data#android.arch.lifecycle.VERSION
ADDED from [android.arch.lifecycle:runtime:1.0.0] AndroidManifest.xml:25:9-27:47
	android:value
		ADDED from [android.arch.lifecycle:runtime:1.0.0] AndroidManifest.xml:27:13-44
	android:name
		ADDED from [android.arch.lifecycle:runtime:1.0.0] AndroidManifest.xml:26:13-58